[    {
    "RequestID": 1,
    "RequestTime": "2025-01-01 19:49:30.662609 UTC",
    "ResponseTime": "2025-01-01 19:49:30.662731 UTC",
    "RequestContent": "Client 1 Request",
    "ResponseContent": "Response to: Client 1 Request"
  }
,
    {
    "RequestID": 2,
    "RequestTime": "2025-01-01 19:49:30.662619 UTC",
    "ResponseTime": "2025-01-01 19:49:30.675987 UTC",
    "RequestContent": "Client 6 Request",
    "ResponseContent": "Response to: Client 6 Request"
  }
,
    {
    "RequestID": 3,
    "RequestTime": "2025-01-01 19:49:30.662619 UTC",
    "ResponseTime": "2025-01-01 19:49:30.66958 UTC",
    "RequestContent": "Client 2 Request",
    "ResponseContent": "Response to: Client 2 Request"
  }
,
    {
    "RequestID": 4,
    "RequestTime": "2025-01-01 19:49:30.662619 UTC",
    "ResponseTime": "2025-01-01 19:49:30.692115 UTC",
    "RequestContent": "Client 3 Request",
    "ResponseContent": "Response to: Client 3 Request"
  }
,
    {
    "RequestID": 5,
    "RequestTime": "2025-01-01 19:49:30.662622 UTC",
    "ResponseTime": "2025-01-01 19:49:30.686544 UTC",
    "RequestContent": "Client 4 Request",
    "ResponseContent": "Response to: Client 4 Request"
  }
,
    {
    "RequestID": 6,
    "RequestTime": "2025-01-01 19:49:30.662622 UTC",
    "ResponseTime": "2025-01-01 19:49:30.681693 UTC",
    "RequestContent": "Client 7 Request",
    "ResponseContent": "Response to: Client 7 Request"
  }
,
    {
    "RequestID": 7,
    "RequestTime": "2025-01-01 19:49:30.662673 UTC",
    "ResponseTime": "2025-01-01 19:49:30.696801 UTC",
    "RequestContent": "Client 9 Request",
    "ResponseContent": "Response to: Client 9 Request"
  }
,
    {
    "RequestID": 8,
    "RequestTime": "2025-01-01 19:49:30.662678 UTC",
    "ResponseTime": "2025-01-01 19:49:30.702173 UTC",
    "RequestContent": "Client 5 Request",
    "ResponseContent": "Response to: Client 5 Request"
  }
,
    {
    "RequestID": 9,
    "RequestTime": "2025-01-01 19:49:30.662682 UTC",
    "ResponseTime": "2025-01-01 19:49:30.70732 UTC",
    "RequestContent": "Client 10 Request",
    "ResponseContent": "Response to: Client 10 Request"
  }
,
    {
    "RequestID": 10,
    "RequestTime": "2025-01-01 19:49:30.662693 UTC",
    "ResponseTime": "2025-01-01 19:49:30.711729 UTC",
    "RequestContent": "Client 8 Request",
    "ResponseContent": "Response to: Client 8 Request"
  }
,
    {
    "RequestID": 11,
    "RequestTime": "2025-01-01 19:49:30.664206 UTC",
    "ResponseTime": "2025-01-01 19:49:30.716793 UTC",
    "RequestContent": "Client 1 Request",
    "ResponseContent": "Response to: Client 1 Request"
  }
,
    {
    "RequestID": 12,
    "RequestTime": "2025-01-01 19:49:30.664628 UTC",
    "ResponseTime": "2025-01-01 19:49:30.71712 UTC",
    "RequestContent": "Client 2 Request",
    "ResponseContent": "Response to: Client 2 Request"
  }
,
    {
    "RequestID": 13,
    "RequestTime": "2025-01-01 19:49:30.665089 UTC",
    "ResponseTime": "2025-01-01 19:49:30.717491 UTC",
    "RequestContent": "Client 6 Request",
    "ResponseContent": "Response to: Client 6 Request"
  }
,
    {
    "RequestID": 14,
    "RequestTime": "2025-01-01 19:49:30.665565 UTC",
    "ResponseTime": "2025-01-01 19:49:30.717867 UTC",
    "RequestContent": "Client 7 Request",
    "ResponseContent": "Response to: Client 7 Request"
  }
,
    {
    "RequestID": 15,
    "RequestTime": "2025-01-01 19:49:30.666267 UTC",
    "ResponseTime": "2025-01-01 19:49:30.718357 UTC",
    "RequestContent": "Client 4 Request",
    "ResponseContent": "Response to: Client 4 Request"
  }
,
    {
    "RequestID": 16,
    "RequestTime": "2025-01-01 19:49:30.666824 UTC",
    "ResponseTime": "2025-01-01 19:49:30.718843 UTC",
    "RequestContent": "Client 3 Request",
    "ResponseContent": "Response to: Client 3 Request"
  }
,
    {
    "RequestID": 17,
    "RequestTime": "2025-01-01 19:49:30.667329 UTC",
    "ResponseTime": "2025-01-01 19:49:30.719267 UTC",
    "RequestContent": "Client 9 Request",
    "ResponseContent": "Response to: Client 9 Request"
  }
,
    {
    "RequestID": 18,
    "RequestTime": "2025-01-01 19:49:30.667931 UTC",
    "ResponseTime": "2025-01-01 19:49:30.719705 UTC",
    "RequestContent": "Client 5 Request",
    "ResponseContent": "Response to: Client 5 Request"
  }
,
    {
    "RequestID": 19,
    "RequestTime": "2025-01-01 19:49:30.668513 UTC",
    "ResponseTime": "2025-01-01 19:49:30.720166 UTC",
    "RequestContent": "Client 10 Request",
    "ResponseContent": "Response to: Client 10 Request"
  }
,
    {
    "RequestID": 20,
    "RequestTime": "2025-01-01 19:49:30.669086 UTC",
    "ResponseTime": "2025-01-01 19:49:30.720707 UTC",
    "RequestContent": "Client 8 Request",
    "ResponseContent": "Response to: Client 8 Request"
  }
,
    {
    "RequestID": 21,
    "RequestTime": "2025-01-01 19:49:30.670087 UTC",
    "ResponseTime": "2025-01-01 19:49:30.721178 UTC",
    "RequestContent": "Client 1 Request",
    "ResponseContent": "Response to: Client 1 Request"
  }
,
    {
    "RequestID": 22,
    "RequestTime": "2025-01-01 19:49:30.670529 UTC",
    "ResponseTime": "2025-01-01 19:49:30.721689 UTC",
    "RequestContent": "Client 2 Request",
    "ResponseContent": "Response to: Client 2 Request"
  }
,
    {
    "RequestID": 23,
    "RequestTime": "2025-01-01 19:49:30.671139 UTC",
    "ResponseTime": "2025-01-01 19:49:30.722212 UTC",
    "RequestContent": "Client 6 Request",
    "ResponseContent": "Response to: Client 6 Request"
  }
,
    {
    "RequestID": 24,
    "RequestTime": "2025-01-01 19:49:30.672072 UTC",
    "ResponseTime": "2025-01-01 19:49:30.722556 UTC",
    "RequestContent": "Client 7 Request",
    "ResponseContent": "Response to: Client 7 Request"
  }
,
    {
    "RequestID": 25,
    "RequestTime": "2025-01-01 19:49:30.67273 UTC",
    "ResponseTime": "2025-01-01 19:49:30.722874 UTC",
    "RequestContent": "Client 4 Request",
    "ResponseContent": "Response to: Client 4 Request"
  }
,
    {
    "RequestID": 26,
    "RequestTime": "2025-01-01 19:49:30.673271 UTC",
    "ResponseTime": "2025-01-01 19:49:30.723263 UTC",
    "RequestContent": "Client 3 Request",
    "ResponseContent": "Response to: Client 3 Request"
  }
,
    {
    "RequestID": 27,
    "RequestTime": "2025-01-01 19:49:30.673991 UTC",
    "ResponseTime": "2025-01-01 19:49:30.723597 UTC",
    "RequestContent": "Client 9 Request",
    "ResponseContent": "Response to: Client 9 Request"
  }
,
    {
    "RequestID": 28,
    "RequestTime": "2025-01-01 19:49:30.674499 UTC",
    "ResponseTime": "2025-01-01 19:49:30.723953 UTC",
    "RequestContent": "Client 5 Request",
    "ResponseContent": "Response to: Client 5 Request"
  }
,
    {
    "RequestID": 29,
    "RequestTime": "2025-01-01 19:49:30.674933 UTC",
    "ResponseTime": "2025-01-01 19:49:30.724358 UTC",
    "RequestContent": "Client 10 Request",
    "ResponseContent": "Response to: Client 10 Request"
  }
,
    {
    "RequestID": 30,
    "RequestTime": "2025-01-01 19:49:30.675412 UTC",
    "ResponseTime": "2025-01-01 19:49:30.724686 UTC",
    "RequestContent": "Client 8 Request",
    "ResponseContent": "Response to: Client 8 Request"
  }
,
    {
    "RequestID": 31,
    "RequestTime": "2025-01-01 19:49:30.676541 UTC",
    "ResponseTime": "2025-01-01 19:49:30.725015 UTC",
    "RequestContent": "Client 1 Request",
    "ResponseContent": "Response to: Client 1 Request"
  }
,
    {
    "RequestID": 32,
    "RequestTime": "2025-01-01 19:49:30.676998 UTC",
    "ResponseTime": "2025-01-01 19:49:30.725371 UTC",
    "RequestContent": "Client 2 Request",
    "ResponseContent": "Response to: Client 2 Request"
  }
,
    {
    "RequestID": 33,
    "RequestTime": "2025-01-01 19:49:30.677531 UTC",
    "ResponseTime": "2025-01-01 19:49:30.725774 UTC",
    "RequestContent": "Client 6 Request",
    "ResponseContent": "Response to: Client 6 Request"
  }
,
    {
    "RequestID": 34,
    "RequestTime": "2025-01-01 19:49:30.677965 UTC",
    "ResponseTime": "2025-01-01 19:49:30.726171 UTC",
    "RequestContent": "Client 7 Request",
    "ResponseContent": "Response to: Client 7 Request"
  }
,
    {
    "RequestID": 35,
    "RequestTime": "2025-01-01 19:49:30.678441 UTC",
    "ResponseTime": "2025-01-01 19:49:30.726545 UTC",
    "RequestContent": "Client 4 Request",
    "ResponseContent": "Response to: Client 4 Request"
  }
,
    {
    "RequestID": 36,
    "RequestTime": "2025-01-01 19:49:30.678914 UTC",
    "ResponseTime": "2025-01-01 19:49:30.726861 UTC",
    "RequestContent": "Client 3 Request",
    "ResponseContent": "Response to: Client 3 Request"
  }
,
    {
    "RequestID": 37,
    "RequestTime": "2025-01-01 19:49:30.679406 UTC",
    "ResponseTime": "2025-01-01 19:49:30.72726 UTC",
    "RequestContent": "Client 9 Request",
    "ResponseContent": "Response to: Client 9 Request"
  }
,
    {
    "RequestID": 38,
    "RequestTime": "2025-01-01 19:49:30.680077 UTC",
    "ResponseTime": "2025-01-01 19:49:30.727615 UTC",
    "RequestContent": "Client 5 Request",
    "ResponseContent": "Response to: Client 5 Request"
  }
,
    {
    "RequestID": 39,
    "RequestTime": "2025-01-01 19:49:30.680668 UTC",
    "ResponseTime": "2025-01-01 19:49:30.727941 UTC",
    "RequestContent": "Client 10 Request",
    "ResponseContent": "Response to: Client 10 Request"
  }
,
    {
    "RequestID": 40,
    "RequestTime": "2025-01-01 19:49:30.681136 UTC",
    "ResponseTime": "2025-01-01 19:49:30.728293 UTC",
    "RequestContent": "Client 8 Request",
    "ResponseContent": "Response to: Client 8 Request"
  }
,
    {
    "RequestID": 41,
    "RequestTime": "2025-01-01 19:49:30.682074 UTC",
    "ResponseTime": "2025-01-01 19:49:30.728725 UTC",
    "RequestContent": "Client 1 Request",
    "ResponseContent": "Response to: Client 1 Request"
  }
,
    {
    "RequestID": 42,
    "RequestTime": "2025-01-01 19:49:30.682602 UTC",
    "ResponseTime": "2025-01-01 19:49:30.72912 UTC",
    "RequestContent": "Client 2 Request",
    "ResponseContent": "Response to: Client 2 Request"
  }
,
    {
    "RequestID": 43,
    "RequestTime": "2025-01-01 19:49:30.682988 UTC",
    "ResponseTime": "2025-01-01 19:49:30.72951 UTC",
    "RequestContent": "Client 6 Request",
    "ResponseContent": "Response to: Client 6 Request"
  }
,
    {
    "RequestID": 44,
    "RequestTime": "2025-01-01 19:49:30.683454 UTC",
    "ResponseTime": "2025-01-01 19:49:30.729926 UTC",
    "RequestContent": "Client 7 Request",
    "ResponseContent": "Response to: Client 7 Request"
  }
,
    {
    "RequestID": 45,
    "RequestTime": "2025-01-01 19:49:30.683928 UTC",
    "ResponseTime": "2025-01-01 19:49:30.730282 UTC",
    "RequestContent": "Client 4 Request",
    "ResponseContent": "Response to: Client 4 Request"
  }
,
    {
    "RequestID": 46,
    "RequestTime": "2025-01-01 19:49:30.684361 UTC",
    "ResponseTime": "2025-01-01 19:49:30.730656 UTC",
    "RequestContent": "Client 3 Request",
    "ResponseContent": "Response to: Client 3 Request"
  }
,
    {
    "RequestID": 47,
    "RequestTime": "2025-01-01 19:49:30.684798 UTC",
    "ResponseTime": "2025-01-01 19:49:30.730996 UTC",
    "RequestContent": "Client 9 Request",
    "ResponseContent": "Response to: Client 9 Request"
  }
,
    {
    "RequestID": 48,
    "RequestTime": "2025-01-01 19:49:30.685216 UTC",
    "ResponseTime": "2025-01-01 19:49:30.731328 UTC",
    "RequestContent": "Client 5 Request",
    "ResponseContent": "Response to: Client 5 Request"
  }
,
    {
    "RequestID": 49,
    "RequestTime": "2025-01-01 19:49:30.685622 UTC",
    "ResponseTime": "2025-01-01 19:49:30.731648 UTC",
    "RequestContent": "Client 10 Request",
    "ResponseContent": "Response to: Client 10 Request"
  }
,
    {
    "RequestID": 50,
    "RequestTime": "2025-01-01 19:49:30.686027 UTC",
    "ResponseTime": "2025-01-01 19:49:30.73197 UTC",
    "RequestContent": "Client 8 Request",
    "ResponseContent": "Response to: Client 8 Request"
  }
,
    {
    "RequestID": 51,
    "RequestTime": "2025-01-01 19:49:30.6871 UTC",
    "ResponseTime": "2025-01-01 19:49:30.732465 UTC",
    "RequestContent": "Client 1 Request",
    "ResponseContent": "Response to: Client 1 Request"
  }
,
    {
    "RequestID": 52,
    "RequestTime": "2025-01-01 19:49:30.687562 UTC",
    "ResponseTime": "2025-01-01 19:49:30.732808 UTC",
    "RequestContent": "Client 2 Request",
    "ResponseContent": "Response to: Client 2 Request"
  }
,
    {
    "RequestID": 53,
    "RequestTime": "2025-01-01 19:49:30.688156 UTC",
    "ResponseTime": "2025-01-01 19:49:30.733148 UTC",
    "RequestContent": "Client 6 Request",
    "ResponseContent": "Response to: Client 6 Request"
  }
,
    {
    "RequestID": 54,
    "RequestTime": "2025-01-01 19:49:30.688633 UTC",
    "ResponseTime": "2025-01-01 19:49:30.733497 UTC",
    "RequestContent": "Client 7 Request",
    "ResponseContent": "Response to: Client 7 Request"
  }
,
    {
    "RequestID": 55,
    "RequestTime": "2025-01-01 19:49:30.689072 UTC",
    "ResponseTime": "2025-01-01 19:49:30.733922 UTC",
    "RequestContent": "Client 4 Request",
    "ResponseContent": "Response to: Client 4 Request"
  }
,
    {
    "RequestID": 56,
    "RequestTime": "2025-01-01 19:49:30.689464 UTC",
    "ResponseTime": "2025-01-01 19:49:30.734267 UTC",
    "RequestContent": "Client 3 Request",
    "ResponseContent": "Response to: Client 3 Request"
  }
,
    {
    "RequestID": 57,
    "RequestTime": "2025-01-01 19:49:30.690055 UTC",
    "ResponseTime": "2025-01-01 19:49:30.734589 UTC",
    "RequestContent": "Client 9 Request",
    "ResponseContent": "Response to: Client 9 Request"
  }
,
    {
    "RequestID": 58,
    "RequestTime": "2025-01-01 19:49:30.690554 UTC",
    "ResponseTime": "2025-01-01 19:49:30.734926 UTC",
    "RequestContent": "Client 5 Request",
    "ResponseContent": "Response to: Client 5 Request"
  }
,
    {
    "RequestID": 59,
    "RequestTime": "2025-01-01 19:49:30.691119 UTC",
    "ResponseTime": "2025-01-01 19:49:30.735299 UTC",
    "RequestContent": "Client 10 Request",
    "ResponseContent": "Response to: Client 10 Request"
  }
,
    {
    "RequestID": 60,
    "RequestTime": "2025-01-01 19:49:30.69161 UTC",
    "ResponseTime": "2025-01-01 19:49:30.735696 UTC",
    "RequestContent": "Client 8 Request",
    "ResponseContent": "Response to: Client 8 Request"
  }
,
    {
    "RequestID": 61,
    "RequestTime": "2025-01-01 19:49:30.692541 UTC",
    "ResponseTime": "2025-01-01 19:49:30.736056 UTC",
    "RequestContent": "Client 1 Request",
    "ResponseContent": "Response to: Client 1 Request"
  }
,
    {
    "RequestID": 62,
    "RequestTime": "2025-01-01 19:49:30.692989 UTC",
    "ResponseTime": "2025-01-01 19:49:30.736379 UTC",
    "RequestContent": "Client 2 Request",
    "ResponseContent": "Response to: Client 2 Request"
  }
,
    {
    "RequestID": 63,
    "RequestTime": "2025-01-01 19:49:30.693406 UTC",
    "ResponseTime": "2025-01-01 19:49:30.736758 UTC",
    "RequestContent": "Client 6 Request",
    "ResponseContent": "Response to: Client 6 Request"
  }
,
    {
    "RequestID": 64,
    "RequestTime": "2025-01-01 19:49:30.693875 UTC",
    "ResponseTime": "2025-01-01 19:49:30.737117 UTC",
    "RequestContent": "Client 7 Request",
    "ResponseContent": "Response to: Client 7 Request"
  }
,
    {
    "RequestID": 65,
    "RequestTime": "2025-01-01 19:49:30.694277 UTC",
    "ResponseTime": "2025-01-01 19:49:30.737522 UTC",
    "RequestContent": "Client 4 Request",
    "ResponseContent": "Response to: Client 4 Request"
  }
,
    {
    "RequestID": 66,
    "RequestTime": "2025-01-01 19:49:30.694842 UTC",
    "ResponseTime": "2025-01-01 19:49:30.73805 UTC",
    "RequestContent": "Client 3 Request",
    "ResponseContent": "Response to: Client 3 Request"
  }
,
    {
    "RequestID": 67,
    "RequestTime": "2025-01-01 19:49:30.695294 UTC",
    "ResponseTime": "2025-01-01 19:49:30.738483 UTC",
    "RequestContent": "Client 9 Request",
    "ResponseContent": "Response to: Client 9 Request"
  }
,
    {
    "RequestID": 68,
    "RequestTime": "2025-01-01 19:49:30.695699 UTC",
    "ResponseTime": "2025-01-01 19:49:30.738973 UTC",
    "RequestContent": "Client 5 Request",
    "ResponseContent": "Response to: Client 5 Request"
  }
,
    {
    "RequestID": 69,
    "RequestTime": "2025-01-01 19:49:30.696078 UTC",
    "ResponseTime": "2025-01-01 19:49:30.739515 UTC",
    "RequestContent": "Client 10 Request",
    "ResponseContent": "Response to: Client 10 Request"
  }
,
    {
    "RequestID": 70,
    "RequestTime": "2025-01-01 19:49:30.696427 UTC",
    "ResponseTime": "2025-01-01 19:49:30.73996 UTC",
    "RequestContent": "Client 8 Request",
    "ResponseContent": "Response to: Client 8 Request"
  }
,
    {
    "RequestID": 71,
    "RequestTime": "2025-01-01 19:49:30.697147 UTC",
    "ResponseTime": "2025-01-01 19:49:30.740353 UTC",
    "RequestContent": "Client 1 Request",
    "ResponseContent": "Response to: Client 1 Request"
  }
,
    {
    "RequestID": 72,
    "RequestTime": "2025-01-01 19:49:30.697712 UTC",
    "ResponseTime": "2025-01-01 19:49:30.740696 UTC",
    "RequestContent": "Client 2 Request",
    "ResponseContent": "Response to: Client 2 Request"
  }
,
    {
    "RequestID": 73,
    "RequestTime": "2025-01-01 19:49:30.698308 UTC",
    "ResponseTime": "2025-01-01 19:49:30.741031 UTC",
    "RequestContent": "Client 6 Request",
    "ResponseContent": "Response to: Client 6 Request"
  }
,
    {
    "RequestID": 74,
    "RequestTime": "2025-01-01 19:49:30.698698 UTC",
    "ResponseTime": "2025-01-01 19:49:30.74175 UTC",
    "RequestContent": "Client 7 Request",
    "ResponseContent": "Response to: Client 7 Request"
  }
,
    {
    "RequestID": 75,
    "RequestTime": "2025-01-01 19:49:30.699144 UTC",
    "ResponseTime": "2025-01-01 19:49:30.742116 UTC",
    "RequestContent": "Client 4 Request",
    "ResponseContent": "Response to: Client 4 Request"
  }
,
    {
    "RequestID": 76,
    "RequestTime": "2025-01-01 19:49:30.699584 UTC",
    "ResponseTime": "2025-01-01 19:49:30.742497 UTC",
    "RequestContent": "Client 3 Request",
    "ResponseContent": "Response to: Client 3 Request"
  }
,
    {
    "RequestID": 77,
    "RequestTime": "2025-01-01 19:49:30.700036 UTC",
    "ResponseTime": "2025-01-01 19:49:30.742919 UTC",
    "RequestContent": "Client 9 Request",
    "ResponseContent": "Response to: Client 9 Request"
  }
,
    {
    "RequestID": 78,
    "RequestTime": "2025-01-01 19:49:30.700521 UTC",
    "ResponseTime": "2025-01-01 19:49:30.743298 UTC",
    "RequestContent": "Client 5 Request",
    "ResponseContent": "Response to: Client 5 Request"
  }
,
    {
    "RequestID": 79,
    "RequestTime": "2025-01-01 19:49:30.701144 UTC",
    "ResponseTime": "2025-01-01 19:49:30.743734 UTC",
    "RequestContent": "Client 10 Request",
    "ResponseContent": "Response to: Client 10 Request"
  }
,
    {
    "RequestID": 80,
    "RequestTime": "2025-01-01 19:49:30.7016 UTC",
    "ResponseTime": "2025-01-01 19:49:30.744141 UTC",
    "RequestContent": "Client 8 Request",
    "ResponseContent": "Response to: Client 8 Request"
  }
,
    {
    "RequestID": 81,
    "RequestTime": "2025-01-01 19:49:30.702578 UTC",
    "ResponseTime": "2025-01-01 19:49:30.744569 UTC",
    "RequestContent": "Client 1 Request",
    "ResponseContent": "Response to: Client 1 Request"
  }
,
    {
    "RequestID": 82,
    "RequestTime": "2025-01-01 19:49:30.703053 UTC",
    "ResponseTime": "2025-01-01 19:49:30.745094 UTC",
    "RequestContent": "Client 2 Request",
    "ResponseContent": "Response to: Client 2 Request"
  }
,
    {
    "RequestID": 83,
    "RequestTime": "2025-01-01 19:49:30.703507 UTC",
    "ResponseTime": "2025-01-01 19:49:30.745604 UTC",
    "RequestContent": "Client 6 Request",
    "ResponseContent": "Response to: Client 6 Request"
  }
,
    {
    "RequestID": 84,
    "RequestTime": "2025-01-01 19:49:30.704083 UTC",
    "ResponseTime": "2025-01-01 19:49:30.746089 UTC",
    "RequestContent": "Client 7 Request",
    "ResponseContent": "Response to: Client 7 Request"
  }
,
    {
    "RequestID": 85,
    "RequestTime": "2025-01-01 19:49:30.704658 UTC",
    "ResponseTime": "2025-01-01 19:49:30.746722 UTC",
    "RequestContent": "Client 4 Request",
    "ResponseContent": "Response to: Client 4 Request"
  }
,
    {
    "RequestID": 86,
    "RequestTime": "2025-01-01 19:49:30.705183 UTC",
    "ResponseTime": "2025-01-01 19:49:30.747217 UTC",
    "RequestContent": "Client 3 Request",
    "ResponseContent": "Response to: Client 3 Request"
  }
,
    {
    "RequestID": 87,
    "RequestTime": "2025-01-01 19:49:30.705673 UTC",
    "ResponseTime": "2025-01-01 19:49:30.747675 UTC",
    "RequestContent": "Client 9 Request",
    "ResponseContent": "Response to: Client 9 Request"
  }
,
    {
    "RequestID": 88,
    "RequestTime": "2025-01-01 19:49:30.706138 UTC",
    "ResponseTime": "2025-01-01 19:49:30.74866 UTC",
    "RequestContent": "Client 5 Request",
    "ResponseContent": "Response to: Client 5 Request"
  }
,
    {
    "RequestID": 89,
    "RequestTime": "2025-01-01 19:49:30.706546 UTC",
    "ResponseTime": "2025-01-01 19:49:30.749166 UTC",
    "RequestContent": "Client 10 Request",
    "ResponseContent": "Response to: Client 10 Request"
  }
,
    {
    "RequestID": 90,
    "RequestTime": "2025-01-01 19:49:30.706921 UTC",
    "ResponseTime": "2025-01-01 19:49:30.74969 UTC",
    "RequestContent": "Client 8 Request",
    "ResponseContent": "Response to: Client 8 Request"
  }
,
    {
    "RequestID": 91,
    "RequestTime": "2025-01-01 19:49:30.707661 UTC",
    "ResponseTime": "2025-01-01 19:49:30.750086 UTC",
    "RequestContent": "Client 1 Request",
    "ResponseContent": "Response to: Client 1 Request"
  }
,
    {
    "RequestID": 92,
    "RequestTime": "2025-01-01 19:49:30.708025 UTC",
    "ResponseTime": "2025-01-01 19:49:30.750543 UTC",
    "RequestContent": "Client 2 Request",
    "ResponseContent": "Response to: Client 2 Request"
  }
,
    {
    "RequestID": 93,
    "RequestTime": "2025-01-01 19:49:30.708431 UTC",
    "ResponseTime": "2025-01-01 19:49:30.750926 UTC",
    "RequestContent": "Client 6 Request",
    "ResponseContent": "Response to: Client 6 Request"
  }
,
    {
    "RequestID": 94,
    "RequestTime": "2025-01-01 19:49:30.708849 UTC",
    "ResponseTime": "2025-01-01 19:49:30.751355 UTC",
    "RequestContent": "Client 7 Request",
    "ResponseContent": "Response to: Client 7 Request"
  }
,
    {
    "RequestID": 95,
    "RequestTime": "2025-01-01 19:49:30.709262 UTC",
    "ResponseTime": "2025-01-01 19:49:30.751714 UTC",
    "RequestContent": "Client 4 Request",
    "ResponseContent": "Response to: Client 4 Request"
  }
,
    {
    "RequestID": 96,
    "RequestTime": "2025-01-01 19:49:30.709759 UTC",
    "ResponseTime": "2025-01-01 19:49:30.752052 UTC",
    "RequestContent": "Client 3 Request",
    "ResponseContent": "Response to: Client 3 Request"
  }
,
    {
    "RequestID": 97,
    "RequestTime": "2025-01-01 19:49:30.710201 UTC",
    "ResponseTime": "2025-01-01 19:49:30.752382 UTC",
    "RequestContent": "Client 9 Request",
    "ResponseContent": "Response to: Client 9 Request"
  }
,
    {
    "RequestID": 98,
    "RequestTime": "2025-01-01 19:49:30.710565 UTC",
    "ResponseTime": "2025-01-01 19:49:30.752739 UTC",
    "RequestContent": "Client 5 Request",
    "ResponseContent": "Response to: Client 5 Request"
  }
,
    {
    "RequestID": 99,
    "RequestTime": "2025-01-01 19:49:30.710937 UTC",
    "ResponseTime": "2025-01-01 19:49:30.753163 UTC",
    "RequestContent": "Client 10 Request",
    "ResponseContent": "Response to: Client 10 Request"
  }
,
    {
    "RequestID": 100,
    "RequestTime": "2025-01-01 19:49:30.711348 UTC",
    "ResponseTime": "2025-01-01 19:49:30.753513 UTC",
    "RequestContent": "Client 8 Request",
    "ResponseContent": "Response to: Client 8 Request"
  }

]